i:\workspace\shaders\build\vc120.pdb
i:\workspace\shaders\build\vc120.idb
i:\workspace\shaders\build\depthmap.obj
i:\workspace\shaders\build\geometryfloor.obj
i:\workspace\shaders\build\hudcamera.obj
i:\workspace\shaders\build\source.obj
i:\workspace\shaders\build\uniformhandler.obj
i:\workspace\shaders\build\depthmapd.ilk
i:\workspace\shaders\build\shadowmappingd.ilk
i:\workspace\shaders\build\blinnphong.pdb
i:\workspace\shaders\build\depthmap.pdb
i:\workspace\shaders\build\shadowmapping.pdb
i:\workspace\shaders\build\blinnphong.tlog\cl.command.1.tlog
i:\workspace\shaders\build\blinnphong.tlog\cl.read.1.tlog
i:\workspace\shaders\build\blinnphong.tlog\cl.write.1.tlog
i:\workspace\shaders\build\blinnphong.tlog\link-cvtres.read.1.tlog
i:\workspace\shaders\build\blinnphong.tlog\link-cvtres.write.1.tlog
i:\workspace\shaders\build\blinnphong.tlog\link-rc.read.1.tlog
i:\workspace\shaders\build\blinnphong.tlog\link-rc.write.1.tlog
i:\workspace\shaders\build\blinnphong.tlog\link.command.1.tlog
i:\workspace\shaders\build\blinnphong.tlog\link.read.1.tlog
i:\workspace\shaders\build\blinnphong.tlog\link.write.1.tlog
